Build started 1/14/2015 11:13:34 PM.
     1>Project "C:\Users\Eming\Desktop\zip\submit\CanadianExperience\textbubblelib\TextBubbleLib.vcxproj" on node 2 (Build target(s)).
     1>ClCompile:
         C:\Program Files (x86)\Microsoft Visual Studio 12.0\VC\bin\CL.exe /c /ZI /nologo /W3 /WX- /sdl /Od /Oy- /D WIN32 /D _WINDOWS /D _DEBUG /D _AFXEXT /D _WINDLL /D _UNICODE /D UNICODE /D _AFXDLL /Gm /EHsc /RTC1 /MDd /GS /fp:precise /Zc:wchar_t /Zc:forScope /Yc"stdafx.h" /Fp"Debug\TextBubbleLib.pch" /Fo"Debug\\" /Fd"Debug\vc120.pdb" /Gd /TP /analyze- /errorReport:prompt stdafx.cpp
         stdafx.cpp
         C:\Program Files (x86)\Microsoft Visual Studio 12.0\VC\bin\CL.exe /c /ZI /nologo /W3 /WX- /sdl /Od /Oy- /D WIN32 /D _WINDOWS /D _DEBUG /D _AFXEXT /D _WINDLL /D _UNICODE /D UNICODE /D _AFXDLL /Gm /EHsc /RTC1 /MDd /GS /fp:precise /Zc:wchar_t /Zc:forScope /Fo"Debug\\" /Fd"Debug\vc120.pdb" /Gd /TP /analyze- /errorReport:prompt dllmain.cpp
         dllmain.cpp
         C:\Program Files (x86)\Microsoft Visual Studio 12.0\VC\bin\CL.exe /c /ZI /nologo /W3 /WX- /sdl /Od /Oy- /D WIN32 /D _WINDOWS /D _DEBUG /D _AFXEXT /D _WINDLL /D _UNICODE /D UNICODE /D _AFXDLL /Gm /EHsc /RTC1 /MDd /GS /fp:precise /Zc:wchar_t /Zc:forScope /Yu"stdafx.h" /Fp"Debug\TextBubbleLib.pch" /Fo"Debug\\" /Fd"Debug\vc120.pdb" /Gd /TP /analyze- /errorReport:prompt TextBubble.cpp TextBubbleDlg.cpp TextBubbleLib.cpp
         TextBubbleLib.cpp
         TextBubbleDlg.cpp
         TextBubble.cpp
         Generating Code...
       ResourceCompile:
         C:\Program Files (x86)\Windows Kits\8.1\bin\x86\rc.exe /D _DEBUG /D _UNICODE /D UNICODE /D _AFXDLL /l"0x0409" /IDebug\ /nologo /fo"Debug\TextBubbleLib.res" TextBubbleLib.rc 
       Link:
         C:\Program Files (x86)\Microsoft Visual Studio 12.0\VC\bin\link.exe /ERRORREPORT:PROMPT /OUT:"C:\Users\Eming\Desktop\zip\submit\CanadianExperience\Debug\TextBubbleLib.dll" /INCREMENTAL /NOLOGO /DEF:".\TextBubbleLib.def" /MANIFEST /MANIFESTUAC:"level='asInvoker' uiAccess='false'" /manifest:embed /manifestinput:"C:\Program Files (x86)\Microsoft Visual Studio 12.0\VC\Include\Manifest\dpiaware.manifest" /DEBUG /PDB:"C:\Users\Eming\Desktop\zip\submit\CanadianExperience\Debug\TextBubbleLib.pdb" /SUBSYSTEM:WINDOWS /TLBID:1 /DYNAMICBASE /NXCOMPAT /IMPLIB:"C:\Users\Eming\Desktop\zip\submit\CanadianExperience\Debug\TextBubbleLib.lib" /MACHINE:X86 /DLL Debug\TextBubbleLib.res
         Debug\dllmain.obj
         Debug\stdafx.obj
         Debug\TextBubble.obj
         Debug\TextBubbleDlg.obj
         Debug\TextBubbleLib.obj
            Creating library C:\Users\Eming\Desktop\zip\submit\CanadianExperience\Debug\TextBubbleLib.lib and object C:\Users\Eming\Desktop\zip\submit\CanadianExperience\Debug\TextBubbleLib.exp
         TextBubbleLib.vcxproj -> C:\Users\Eming\Desktop\zip\submit\CanadianExperience\Debug\TextBubbleLib.dll
     1>Done Building Project "C:\Users\Eming\Desktop\zip\submit\CanadianExperience\textbubblelib\TextBubbleLib.vcxproj" (Build target(s)).

Build succeeded.

Time Elapsed 00:00:06.97
